<?xml version="1.0" encoding="UTF-8"?>
<!-- Generated by org.testng.reporters.JUnitReportReporter -->
<testsuite hostname="DESKTOP-C5VSCLA" failures="0" tests="1" name="com.SauceDemo_TestClassPackage.TC04VerifyAllProductAddToCart" time="50.355" errors="0" timestamp="2023-03-06T22:38:23 GMT-08:00" skipped="0">
  <testcase classname="com.SauceDemo_TestClassPackage.TC04VerifyAllProductAddToCart" name="TC4VerifyAllPrductAddtoCart" time="50.355"/>
  <system-out/>
</testsuite> <!-- com.SauceDemo_TestClassPackage.TC04VerifyAllProductAddToCart -->
