<?xml version="1.0" encoding="UTF-8"?>
<!-- Generated by org.testng.reporters.JUnitReportReporter -->
<testsuite hostname="DESKTOP-C5VSCLA" failures="0" tests="1" name="com.SauceDemo_TestClassPackage.TC03VerifyBagProductAddTocart" time="33.895" errors="0" timestamp="2023-03-10T07:32:10 GMT-08:00" skipped="0">
  <testcase classname="com.SauceDemo_TestClassPackage.TC03VerifyBagProductAddTocart" name="TC3BagProductAddTocart" time="33.895"/>
  <system-out/>
</testsuite> <!-- com.SauceDemo_TestClassPackage.TC03VerifyBagProductAddTocart -->
