<?xml version="1.0" encoding="UTF-8"?>
<!-- Generated by org.testng.reporters.JUnitReportReporter -->
<testsuite hostname="DESKTOP-C5VSCLA" failures="0" tests="1" name="com.SauceDemo_TestClassPackage.TC1VerifyLoginFunctionality" time="51.858" errors="0" timestamp="2023-03-10T07:32:10 GMT-08:00" skipped="0">
  <testcase classname="com.SauceDemo_TestClassPackage.TC1VerifyLoginFunctionality" name="TC1LoginFunctionality" time="51.858"/>
  <system-out/>
</testsuite> <!-- com.SauceDemo_TestClassPackage.TC1VerifyLoginFunctionality -->
